{"numFailedTestSuites":0,"numFailedTests":0,"numPassedTestSuites":7,"numPassedTests":21,"numPendingTestSuites":0,"numPendingTests":0,"numRuntimeErrorTestSuites":0,"numTodoTests":0,"numTotalTestSuites":7,"numTotalTests":21,"openHandles":[],"snapshot":{"added":1,"didUpdate":false,"failure":false,"filesAdded":1,"filesRemoved":0,"filesRemovedList":[],"filesUnmatched":0,"filesUpdated":0,"matched":6,"total":7,"unchecked":0,"uncheckedKeysByFile":[],"unmatched":0,"updated":0},"startTime":1620208515255,"success":true,"testResults":[{"assertionResults":[{"ancestorTitles":["InformationBlock Component"],"failureMessages":[],"fullName":"InformationBlock Component Rendering content IB1","location":null,"status":"passed","title":"Rendering content IB1"},{"ancestorTitles":["InformationBlock Component"],"failureMessages":[],"fullName":"InformationBlock Component Rendering content IB2","location":null,"status":"passed","title":"Rendering content IB2"},{"ancestorTitles":["InformationBlock Component"],"failureMessages":[],"fullName":"InformationBlock Component should render correctly","location":null,"status":"passed","title":"should render correctly"}],"endTime":1620208532985,"message":"","name":"C:\\Users\\Sugadev\\Documents\\React-POC\\React-POC\\dashboard_poc\\src\\components\\InformationBlock\\InformationBlock.test.js","startTime":1620208522346,"status":"passed","summary":""},{"assertionResults":[{"ancestorTitles":["loginComponent"],"failureMessages":[],"fullName":"loginComponent should render correctly ","location":null,"status":"passed","title":"should render correctly "}],"endTime":1620208533270,"message":"","name":"C:\\Users\\Sugadev\\Documents\\React-POC\\React-POC\\dashboard_poc\\src\\pages\\login.test.js","startTime":1620208522332,"status":"passed","summary":""},{"assertionResults":[{"ancestorTitles":["RightInfoTab Component"],"failureMessages":[],"fullName":"RightInfoTab Component Rendering content value1","location":null,"status":"passed","title":"Rendering content value1"},{"ancestorTitles":["RightInfoTab Component"],"failureMessages":[],"fullName":"RightInfoTab Component should render correctly ","location":null,"status":"passed","title":"should render correctly "}],"endTime":1620208533400,"message":"","name":"C:\\Users\\Sugadev\\Documents\\React-POC\\React-POC\\dashboard_poc\\src\\components\\RightInfoTab\\RightInfoTab.test.js","startTime":1620208522398,"status":"passed","summary":""},{"assertionResults":[{"ancestorTitles":["Navbar Component"],"failureMessages":[],"fullName":"Navbar Component Rendering content value1","location":null,"status":"passed","title":"Rendering content value1"},{"ancestorTitles":["Navbar Component"],"failureMessages":[],"fullName":"Navbar Component Rendering content value2","location":null,"status":"passed","title":"Rendering content value2"},{"ancestorTitles":["Navbar Component"],"failureMessages":[],"fullName":"Navbar Component Rendering content value3","location":null,"status":"passed","title":"Rendering content value3"},{"ancestorTitles":["Navbar Component"],"failureMessages":[],"fullName":"Navbar Component Rendering content value4","location":null,"status":"passed","title":"Rendering content value4"},{"ancestorTitles":["Navbar Component"],"failureMessages":[],"fullName":"Navbar Component should render correctly","location":null,"status":"passed","title":"should render correctly"}],"endTime":1620208534959,"message":"","name":"C:\\Users\\Sugadev\\Documents\\React-POC\\React-POC\\dashboard_poc\\src\\components\\Navbar\\Navbar.test.js","startTime":1620208533200,"status":"passed","summary":""},{"assertionResults":[{"ancestorTitles":["Button Component"],"failureMessages":[],"fullName":"Button Component Rendering content","location":null,"status":"passed","title":"Rendering content"},{"ancestorTitles":["Button Component"],"failureMessages":[],"fullName":"Button Component Button event handlers","location":null,"status":"passed","title":"Button event handlers"},{"ancestorTitles":["Button Component"],"failureMessages":[],"fullName":"Button Component should render correctly","location":null,"status":"passed","title":"should render correctly"}],"endTime":1620208535190,"message":"","name":"C:\\Users\\Sugadev\\Documents\\React-POC\\React-POC\\dashboard_poc\\src\\components\\atoms\\Button\\Button.test.js","startTime":1620208533512,"status":"passed","summary":""},{"assertionResults":[{"ancestorTitles":["Input Component"],"failureMessages":[],"fullName":"Input Component Rendering content TextField","location":null,"status":"passed","title":"Rendering content TextField"},{"ancestorTitles":["Input Component"],"failureMessages":[],"fullName":"Input Component Rendering content PasswordField","location":null,"status":"passed","title":"Rendering content PasswordField"},{"ancestorTitles":["Input Component"],"failureMessages":[],"fullName":"Input Component Input event handlers","location":null,"status":"passed","title":"Input event handlers"},{"ancestorTitles":["Input Component"],"failureMessages":[],"fullName":"Input Component Input event handlers","location":null,"status":"passed","title":"Input event handlers"},{"ancestorTitles":["Input Component"],"failureMessages":[],"fullName":"Input Component should render correctly","location":null,"status":"passed","title":"should render correctly"}],"endTime":1620208535202,"message":"","name":"C:\\Users\\Sugadev\\Documents\\React-POC\\React-POC\\dashboard_poc\\src\\components\\atoms\\Input\\Input.test.js","startTime":1620208533357,"status":"passed","summary":""},{"assertionResults":[{"ancestorTitles":["AvatarImage Component"],"failureMessages":[],"fullName":"AvatarImage Component Rendering Image content with Text and class","location":null,"status":"passed","title":"Rendering Image content with Text and class"},{"ancestorTitles":["AvatarImage Component"],"failureMessages":[],"fullName":"AvatarImage Component Render correctly","location":null,"status":"passed","title":"Render correctly"}],"endTime":1620208537801,"message":"","name":"C:\\Users\\Sugadev\\Documents\\React-POC\\React-POC\\dashboard_poc\\src\\components\\atoms\\AvatarImage\\AvatarImage.test.js","startTime":1620208535303,"status":"passed","summary":""}],"wasInterrupted":false}